{"uuid":"3e127271-e3fd-4b8d-a215-11e6fbf27dce","historyId":"828bb66869e3a4c38cf38a35566f82f8","fullName":"TestTest.Test2","labels":[{"name":"package","value":"TestTest"},{"name":"testClass","value":"TestTest"},{"name":"testMethod","value":"Test2"},{"name":"parentSuite","value":"Default Suite"},{"name":"suite","value":"BankTest"},{"name":"subSuite","value":"TestTest"},{"name":"host","value":"Torf-ПК"},{"name":"thread","value":"21932@Torf-ПК.main(1)"}],"links":[],"name":"Test2","status":"failed","statusDetails":{"known":false,"muted":false,"flaky":false,"message":"expected [null] but found [true]","trace":"java.lang.AssertionError: expected [null] but found [true]\r\n\tat org.testng.Assert.fail(Assert.java:94)\r\n\tat org.testng.Assert.failNotEquals(Assert.java:494)\r\n\tat org.testng.Assert.assertEquals(Assert.java:123)\r\n\tat org.testng.Assert.assertEquals(Assert.java:165)\r\n\tat TestTest.checkСheckboxSelect_aroundBody6(TestTest.java:122)\r\n\tat TestTest$AjcClosure7.run(TestTest.java:1)\r\n\tat org.aspectj.runtime.reflect.JoinPointImpl.proceed(JoinPointImpl.java:149)\r\n\tat io.qameta.allure.aspects.StepsAspects.step(StepsAspects.java:51)\r\n\tat TestTest.checkСheckboxSelect(TestTest.java:122)\r\n\tat TestTest.Test2(TestTest.java:79)\r\n\tat java.base/jdk.internal.reflect.NativeMethodAccessorImpl.invoke0(Native Method)\r\n\tat java.base/jdk.internal.reflect.NativeMethodAccessorImpl.invoke(NativeMethodAccessorImpl.java:62)\r\n\tat java.base/jdk.internal.reflect.DelegatingMethodAccessorImpl.invoke(DelegatingMethodAccessorImpl.java:43)\r\n\tat java.base/java.lang.reflect.Method.invoke(Method.java:564)\r\n\tat org.testng.internal.MethodInvocationHelper.invokeMethod(MethodInvocationHelper.java:80)\r\n\tat org.testng.internal.Invoker.invokeMethod(Invoker.java:714)\r\n\tat org.testng.internal.Invoker.invokeTestMethod(Invoker.java:901)\r\n\tat org.testng.internal.Invoker.invokeTestMethods(Invoker.java:1231)\r\n\tat org.testng.internal.TestMethodWorker.invokeTestMethods(TestMethodWorker.java:127)\r\n\tat org.testng.internal.TestMethodWorker.run(TestMethodWorker.java:111)\r\n\tat org.testng.TestRunner.privateRun(TestRunner.java:767)\r\n\tat org.testng.TestRunner.run(TestRunner.java:617)\r\n\tat org.testng.SuiteRunner.runTest(SuiteRunner.java:334)\r\n\tat org.testng.SuiteRunner.runSequentially(SuiteRunner.java:329)\r\n\tat org.testng.SuiteRunner.privateRun(SuiteRunner.java:291)\r\n\tat org.testng.SuiteRunner.run(SuiteRunner.java:240)\r\n\tat org.testng.SuiteRunnerWorker.runSuite(SuiteRunnerWorker.java:52)\r\n\tat org.testng.SuiteRunnerWorker.run(SuiteRunnerWorker.java:86)\r\n\tat org.testng.TestNG.runSuitesSequentially(TestNG.java:1198)\r\n\tat org.testng.TestNG.runSuitesLocally(TestNG.java:1123)\r\n\tat org.testng.TestNG.run(TestNG.java:1031)\r\n\tat org.testng.IDEARemoteTestNG.run(IDEARemoteTestNG.java:73)\r\n\tat org.testng.RemoteTestNGStarter.main(RemoteTestNGStarter.java:123)\r\n"},"stage":"finished","start":1559072315978,"stop":1559072332280,"steps":[{"name":"Проверка осуществления перехода на URL='{https://rencredit.ru/app/card/cc_full}'.","status":"passed","stage":"finished","start":1559072330666,"stop":1559072330673,"parameters":[{"name":"expectedUrl","value":"https://rencredit.ru/app/card/cc_full"},{"name":"currentUrl","value":"https://rencredit.ru/app/card/cc_full"}]},{"name":"Проверка на пустое поле Фамилия","status":"passed","stage":"finished","start":1559072331270,"stop":1559072331337,"parameters":[{"name":"xpath","value":"//*[@id=\"t1\"]"}]},{"name":"Проверка на пустое поле Фамилия","status":"passed","stage":"finished","start":1559072331712,"stop":1559072331854,"parameters":[{"name":"xpath","value":"//*[@id=\"t2\"]"}]},{"name":"Проверка, выбран ли чекбокс?","status":"failed","statusDetails":{"known":false,"muted":false,"flaky":false,"message":"expected [null] but found [true]","trace":"java.lang.AssertionError: expected [null] but found [true]\r\n\tat org.testng.Assert.fail(Assert.java:94)\r\n\tat org.testng.Assert.failNotEquals(Assert.java:494)\r\n\tat org.testng.Assert.assertEquals(Assert.java:123)\r\n\tat org.testng.Assert.assertEquals(Assert.java:165)\r\n\tat TestTest.checkСheckboxSelect_aroundBody6(TestTest.java:122)\r\n\tat TestTest$AjcClosure7.run(TestTest.java:1)\r\n\tat org.aspectj.runtime.reflect.JoinPointImpl.proceed(JoinPointImpl.java:149)\r\n\tat io.qameta.allure.aspects.StepsAspects.step(StepsAspects.java:51)\r\n\tat TestTest.checkСheckboxSelect(TestTest.java:122)\r\n\tat TestTest.Test2(TestTest.java:79)\r\n\tat java.base/jdk.internal.reflect.NativeMethodAccessorImpl.invoke0(Native Method)\r\n\tat java.base/jdk.internal.reflect.NativeMethodAccessorImpl.invoke(NativeMethodAccessorImpl.java:62)\r\n\tat java.base/jdk.internal.reflect.DelegatingMethodAccessorImpl.invoke(DelegatingMethodAccessorImpl.java:43)\r\n\tat java.base/java.lang.reflect.Method.invoke(Method.java:564)\r\n\tat org.testng.internal.MethodInvocationHelper.invokeMethod(MethodInvocationHelper.java:80)\r\n\tat org.testng.internal.Invoker.invokeMethod(Invoker.java:714)\r\n\tat org.testng.internal.Invoker.invokeTestMethod(Invoker.java:901)\r\n\tat org.testng.internal.Invoker.invokeTestMethods(Invoker.java:1231)\r\n\tat org.testng.internal.TestMethodWorker.invokeTestMethods(TestMethodWorker.java:127)\r\n\tat org.testng.internal.TestMethodWorker.run(TestMethodWorker.java:111)\r\n\tat org.testng.TestRunner.privateRun(TestRunner.java:767)\r\n\tat org.testng.TestRunner.run(TestRunner.java:617)\r\n\tat org.testng.SuiteRunner.runTest(SuiteRunner.java:334)\r\n\tat org.testng.SuiteRunner.runSequentially(SuiteRunner.java:329)\r\n\tat org.testng.SuiteRunner.privateRun(SuiteRunner.java:291)\r\n\tat org.testng.SuiteRunner.run(SuiteRunner.java:240)\r\n\tat org.testng.SuiteRunnerWorker.runSuite(SuiteRunnerWorker.java:52)\r\n\tat org.testng.SuiteRunnerWorker.run(SuiteRunnerWorker.java:86)\r\n\tat org.testng.TestNG.runSuitesSequentially(TestNG.java:1198)\r\n\tat org.testng.TestNG.runSuitesLocally(TestNG.java:1123)\r\n\tat org.testng.TestNG.run(TestNG.java:1031)\r\n\tat org.testng.IDEARemoteTestNG.run(IDEARemoteTestNG.java:73)\r\n\tat org.testng.RemoteTestNGStarter.main(RemoteTestNGStarter.java:123)\r\n"},"stage":"finished","start":1559072332172,"stop":1559072332244,"parameters":[{"name":"cssSelector","value":"#section_1 > div.order-form-block__content > div > form > div:nth-child(1) > div:nth-child(4) > div > label > div"}]}],"parameters":[]}